<?xml version="1.0" encoding="UTF-8"?>
<testng-results skipped="0" failed="0" total="1" passed="1">
  <reporter-output>
  </reporter-output>
  <suite name="Default suite" duration-ms="33901" started-at="2014-11-12T06:01:33Z" finished-at="2014-11-12T06:02:07Z">
    <groups>
    </groups>
    <test name="Default test" duration-ms="33901" started-at="2014-11-12T06:01:33Z" finished-at="2014-11-12T06:02:07Z">
      <class name="script.SmokeTest">
        <test-method status="PASS" signature="titleValidation()[pri:0, instance:script.SmokeTest@18f23c]" name="titleValidation" is-config="true" duration-ms="14190" started-at="2014-11-12T01:01:33Z" finished-at="2014-11-12T01:01:48Z">
          <reporter-output>
          </reporter-output>
        </test-method> <!-- titleValidation -->
        <test-method status="PASS" signature="main()[pri:0, instance:script.SmokeTest@18f23c]" name="main" duration-ms="19637" started-at="2014-11-12T01:01:48Z" finished-at="2014-11-12T01:02:07Z">
          <reporter-output>
          </reporter-output>
        </test-method> <!-- main -->
        <test-method status="PASS" signature="afterMethod()[pri:0, instance:script.SmokeTest@18f23c]" name="afterMethod" is-config="true" duration-ms="32" started-at="2014-11-12T01:02:07Z" finished-at="2014-11-12T01:02:07Z">
          <reporter-output>
          </reporter-output>
        </test-method> <!-- afterMethod -->
      </class> <!-- script.SmokeTest -->
    </test> <!-- Default test -->
  </suite> <!-- Default suite -->
</testng-results>
